Determining if the pthread_create exist failed with the following output:
Change Dir: /home/morin-sol/ME652/build/CMakeFiles/CMakeTmp

Run Build Command:"/usr/bin/make" "cmTC_bcfa3/fast"
/usr/bin/make -f CMakeFiles/cmTC_bcfa3.dir/build.make CMakeFiles/cmTC_bcfa3.dir/build
make[1]: Entering directory '/home/morin-sol/ME652/build/CMakeFiles/CMakeTmp'
Building C object CMakeFiles/cmTC_bcfa3.dir/CheckSymbolExists.c.o
/usr/bin/cc    -o CMakeFiles/cmTC_bcfa3.dir/CheckSymbolExists.c.o   -c /home/morin-sol/ME652/build/CMakeFiles/CMakeTmp/CheckSymbolExists.c
Linking C executable cmTC_bcfa3
/usr/bin/cmake -E cmake_link_script CMakeFiles/cmTC_bcfa3.dir/link.txt --verbose=1
/usr/bin/cc      -rdynamic CMakeFiles/cmTC_bcfa3.dir/CheckSymbolExists.c.o  -o cmTC_bcfa3 
CMakeFiles/cmTC_bcfa3.dir/CheckSymbolExists.c.o: In function `main':
CheckSymbolExists.c:(.text+0x1b): undefined reference to `pthread_create'
collect2: error: ld returned 1 exit status
CMakeFiles/cmTC_bcfa3.dir/build.make:97: recipe for target 'cmTC_bcfa3' failed
make[1]: *** [cmTC_bcfa3] Error 1
make[1]: Leaving directory '/home/morin-sol/ME652/build/CMakeFiles/CMakeTmp'
Makefile:126: recipe for target 'cmTC_bcfa3/fast' failed
make: *** [cmTC_bcfa3/fast] Error 2

File /home/morin-sol/ME652/build/CMakeFiles/CMakeTmp/CheckSymbolExists.c:
/* */
#include <pthread.h>

int main(int argc, char** argv)
{
  (void)argv;
#ifndef pthread_create
  return ((int*)(&pthread_create))[argc];
#else
  (void)argc;
  return 0;
#endif
}

Determining if the function pthread_create exists in the pthreads failed with the following output:
Change Dir: /home/morin-sol/ME652/build/CMakeFiles/CMakeTmp

Run Build Command:"/usr/bin/make" "cmTC_96db8/fast"
/usr/bin/make -f CMakeFiles/cmTC_96db8.dir/build.make CMakeFiles/cmTC_96db8.dir/build
make[1]: Entering directory '/home/morin-sol/ME652/build/CMakeFiles/CMakeTmp'
Building C object CMakeFiles/cmTC_96db8.dir/CheckFunctionExists.c.o
/usr/bin/cc   -DCHECK_FUNCTION_EXISTS=pthread_create   -o CMakeFiles/cmTC_96db8.dir/CheckFunctionExists.c.o   -c /usr/share/cmake-3.10/Modules/CheckFunctionExists.c
Linking C executable cmTC_96db8
/usr/bin/cmake -E cmake_link_script CMakeFiles/cmTC_96db8.dir/link.txt --verbose=1
/usr/bin/cc  -DCHECK_FUNCTION_EXISTS=pthread_create    -rdynamic CMakeFiles/cmTC_96db8.dir/CheckFunctionExists.c.o  -o cmTC_96db8 -lpthreads 
/usr/bin/ld: cannot find -lpthreads
collect2: error: ld returned 1 exit status
CMakeFiles/cmTC_96db8.dir/build.make:97: recipe for target 'cmTC_96db8' failed
make[1]: *** [cmTC_96db8] Error 1
make[1]: Leaving directory '/home/morin-sol/ME652/build/CMakeFiles/CMakeTmp'
Makefile:126: recipe for target 'cmTC_96db8/fast' failed
make: *** [cmTC_96db8/fast] Error 2


